#! /c/Source/iverilog-install/bin/vvp
:ivl_version "12.0 (devel)" "(s20150603-1110-g18392a46)";
:ivl_delay_selection "TYPICAL";
:vpi_time_precision + 0;
:vpi_module "C:\iverilog\lib\ivl\system.vpi";
:vpi_module "C:\iverilog\lib\ivl\vhdl_sys.vpi";
:vpi_module "C:\iverilog\lib\ivl\vhdl_textio.vpi";
:vpi_module "C:\iverilog\lib\ivl\v2005_math.vpi";
:vpi_module "C:\iverilog\lib\ivl\va_math.vpi";
S_000001cc675aeb20 .scope module, "pattern_tb" "pattern_tb" 2 1;
 .timescale 0 0;
v000001cc675f4360_0 .var "clk", 0 0;
v000001cc675f4400_0 .net "detected", 0 0, v000001cc675abd00_0;  1 drivers
v000001cc675f44a0_0 .var "in", 0 0;
v000001cc675a6ac0_0 .var "reset", 0 0;
S_000001cc675aecb0 .scope module, "uut" "pattern" 2 6, 3 1 0, S_000001cc675aeb20;
 .timescale 0 0;
    .port_info 0 /INPUT 1 "clk";
    .port_info 1 /INPUT 1 "reset";
    .port_info 2 /INPUT 1 "in";
    .port_info 3 /OUTPUT 1 "detected";
P_000001cc675a69a0 .param/l "S0" 1 3 5, C4<000>;
P_000001cc675a69d8 .param/l "S1" 1 3 5, C4<001>;
P_000001cc675a6a10 .param/l "S2" 1 3 5, C4<010>;
P_000001cc675a6a48 .param/l "S3" 1 3 5, C4<011>;
P_000001cc675a6a80 .param/l "S4" 1 3 5, C4<100>;
v000001cc675aee40_0 .net "clk", 0 0, v000001cc675f4360_0;  1 drivers
v000001cc675abd00_0 .var "detected", 0 0;
v000001cc675e59d0_0 .net "in", 0 0, v000001cc675f44a0_0;  1 drivers
v000001cc675e5a70_0 .net "reset", 0 0, v000001cc675a6ac0_0;  1 drivers
v000001cc675e5b10_0 .var "state", 2 0;
v000001cc675f42c0_0 .var "state_next", 2 0;
E_000001cc675a8cd0 .event anyedge, v000001cc675e5b10_0, v000001cc675e59d0_0;
E_000001cc675a8550 .event posedge, v000001cc675aee40_0;
    .scope S_000001cc675aecb0;
T_0 ;
    %wait E_000001cc675a8550;
    %load/vec4 v000001cc675e5a70_0;
    %flag_set/vec4 8;
    %jmp/0xz  T_0.0, 8;
    %pushi/vec4 0, 0, 3;
    %assign/vec4 v000001cc675e5b10_0, 0;
    %jmp T_0.1;
T_0.0 ;
    %load/vec4 v000001cc675f42c0_0;
    %assign/vec4 v000001cc675e5b10_0, 0;
T_0.1 ;
    %jmp T_0;
    .thread T_0;
    .scope S_000001cc675aecb0;
T_1 ;
    %wait E_000001cc675a8cd0;
    %load/vec4 v000001cc675e5b10_0;
    %dup/vec4;
    %pushi/vec4 0, 0, 3;
    %cmp/u;
    %jmp/1 T_1.0, 6;
    %dup/vec4;
    %pushi/vec4 1, 0, 3;
    %cmp/u;
    %jmp/1 T_1.1, 6;
    %dup/vec4;
    %pushi/vec4 2, 0, 3;
    %cmp/u;
    %jmp/1 T_1.2, 6;
    %dup/vec4;
    %pushi/vec4 3, 0, 3;
    %cmp/u;
    %jmp/1 T_1.3, 6;
    %dup/vec4;
    %pushi/vec4 4, 0, 3;
    %cmp/u;
    %jmp/1 T_1.4, 6;
    %pushi/vec4 0, 0, 3;
    %store/vec4 v000001cc675f42c0_0, 0, 3;
    %jmp T_1.6;
T_1.0 ;
    %load/vec4 v000001cc675e59d0_0;
    %flag_set/vec4 8;
    %jmp/0 T_1.7, 8;
    %pushi/vec4 1, 0, 3;
    %jmp/1 T_1.8, 8;
T_1.7 ; End of true expr.
    %pushi/vec4 0, 0, 3;
    %jmp/0 T_1.8, 8;
 ; End of false expr.
    %blend;
T_1.8;
    %store/vec4 v000001cc675f42c0_0, 0, 3;
    %jmp T_1.6;
T_1.1 ;
    %load/vec4 v000001cc675e59d0_0;
    %flag_set/vec4 8;
    %jmp/0 T_1.9, 8;
    %pushi/vec4 2, 0, 3;
    %jmp/1 T_1.10, 8;
T_1.9 ; End of true expr.
    %pushi/vec4 0, 0, 3;
    %jmp/0 T_1.10, 8;
 ; End of false expr.
    %blend;
T_1.10;
    %store/vec4 v000001cc675f42c0_0, 0, 3;
    %jmp T_1.6;
T_1.2 ;
    %load/vec4 v000001cc675e59d0_0;
    %flag_set/vec4 8;
    %jmp/0 T_1.11, 8;
    %pushi/vec4 2, 0, 3;
    %jmp/1 T_1.12, 8;
T_1.11 ; End of true expr.
    %pushi/vec4 3, 0, 3;
    %jmp/0 T_1.12, 8;
 ; End of false expr.
    %blend;
T_1.12;
    %store/vec4 v000001cc675f42c0_0, 0, 3;
    %jmp T_1.6;
T_1.3 ;
    %load/vec4 v000001cc675e59d0_0;
    %flag_set/vec4 8;
    %jmp/0 T_1.13, 8;
    %pushi/vec4 4, 0, 3;
    %jmp/1 T_1.14, 8;
T_1.13 ; End of true expr.
    %pushi/vec4 0, 0, 3;
    %jmp/0 T_1.14, 8;
 ; End of false expr.
    %blend;
T_1.14;
    %store/vec4 v000001cc675f42c0_0, 0, 3;
    %jmp T_1.6;
T_1.4 ;
    %load/vec4 v000001cc675e59d0_0;
    %flag_set/vec4 8;
    %jmp/0 T_1.15, 8;
    %pushi/vec4 2, 0, 3;
    %jmp/1 T_1.16, 8;
T_1.15 ; End of true expr.
    %pushi/vec4 0, 0, 3;
    %jmp/0 T_1.16, 8;
 ; End of false expr.
    %blend;
T_1.16;
    %store/vec4 v000001cc675f42c0_0, 0, 3;
    %jmp T_1.6;
T_1.6 ;
    %pop/vec4 1;
    %load/vec4 v000001cc675e5b10_0;
    %pushi/vec4 4, 0, 3;
    %cmp/e;
    %flag_get/vec4 4;
    %load/vec4 v000001cc675e59d0_0;
    %pad/u 32;
    %pushi/vec4 0, 0, 32;
    %cmp/e;
    %flag_get/vec4 4;
    %and;
    %flag_set/vec4 8;
    %jmp/0 T_1.17, 8;
    %pushi/vec4 1, 0, 1;
    %jmp/1 T_1.18, 8;
T_1.17 ; End of true expr.
    %pushi/vec4 0, 0, 1;
    %jmp/0 T_1.18, 8;
 ; End of false expr.
    %blend;
T_1.18;
    %store/vec4 v000001cc675abd00_0, 0, 1;
    %jmp T_1;
    .thread T_1, $push;
    .scope S_000001cc675aeb20;
T_2 ;
    %delay 5, 0;
    %load/vec4 v000001cc675f4360_0;
    %inv;
    %store/vec4 v000001cc675f4360_0, 0, 1;
    %jmp T_2;
    .thread T_2;
    .scope S_000001cc675aeb20;
T_3 ;
    %vpi_call 2 15 "$monitor", "Time = %0t | in = %b | State = %b | detected = %b", $time, v000001cc675f44a0_0, v000001cc675e5b10_0, v000001cc675f4400_0 {0 0 0};
    %pushi/vec4 1, 0, 1;
    %store/vec4 v000001cc675a6ac0_0, 0, 1;
    %pushi/vec4 0, 0, 1;
    %store/vec4 v000001cc675f4360_0, 0, 1;
    %pushi/vec4 0, 0, 1;
    %store/vec4 v000001cc675f44a0_0, 0, 1;
    %delay 10, 0;
    %pushi/vec4 0, 0, 1;
    %store/vec4 v000001cc675a6ac0_0, 0, 1;
    %delay 10, 0;
    %pushi/vec4 1, 0, 1;
    %store/vec4 v000001cc675f44a0_0, 0, 1;
    %delay 10, 0;
    %pushi/vec4 1, 0, 1;
    %store/vec4 v000001cc675f44a0_0, 0, 1;
    %delay 10, 0;
    %pushi/vec4 0, 0, 1;
    %store/vec4 v000001cc675f44a0_0, 0, 1;
    %delay 10, 0;
    %pushi/vec4 1, 0, 1;
    %store/vec4 v000001cc675f44a0_0, 0, 1;
    %delay 10, 0;
    %pushi/vec4 0, 0, 1;
    %store/vec4 v000001cc675f44a0_0, 0, 1;
    %delay 10, 0;
    %pushi/vec4 1, 0, 1;
    %store/vec4 v000001cc675f44a0_0, 0, 1;
    %delay 10, 0;
    %pushi/vec4 1, 0, 1;
    %store/vec4 v000001cc675f44a0_0, 0, 1;
    %delay 10, 0;
    %pushi/vec4 0, 0, 1;
    %store/vec4 v000001cc675f44a0_0, 0, 1;
    %delay 10, 0;
    %pushi/vec4 1, 0, 1;
    %store/vec4 v000001cc675f44a0_0, 0, 1;
    %delay 10, 0;
    %pushi/vec4 1, 0, 1;
    %store/vec4 v000001cc675f44a0_0, 0, 1;
    %delay 10, 0;
    %pushi/vec4 0, 0, 1;
    %store/vec4 v000001cc675f44a0_0, 0, 1;
    %delay 10, 0;
    %pushi/vec4 1, 0, 1;
    %store/vec4 v000001cc675f44a0_0, 0, 1;
    %delay 10, 0;
    %pushi/vec4 0, 0, 1;
    %store/vec4 v000001cc675f44a0_0, 0, 1;
    %delay 20, 0;
    %vpi_call 2 37 "$finish" {0 0 0};
    %end;
    .thread T_3;
# The file index is used to find the file name in the following table.
:file_names 4;
    "N/A";
    "<interactive>";
    "pattern_tb.v";
    "pattern.v";
